# JRE version: Java(TM) SE Runtime Environment (8.0_291-b10) (build 1.8.0_291-b10)
# Java VM: Java HotSpot(TM) 64-Bit Server VM (25.291-b10 mixed mode windows-amd64 compressed oops)
Heap:
 PSYoungGen      total 108032K, used 22307K [0x00000000e0780000, 0x00000000ea880000, 0x0000000100000000)
  eden space 98304K, 15% used [0x00000000e0780000,0x00000000e16818a0,0x00000000e6780000)
  from space 9728K, 71% used [0x00000000e6780000,0x00000000e6e47688,0x00000000e7100000)
  to   space 11264K, 0% used [0x00000000e9d80000,0x00000000e9d80000,0x00000000ea880000)
 ParOldGen       total 40448K, used 7986K [0x00000000a1600000, 0x00000000a3d80000, 0x00000000e0780000)
  object space 40448K, 19% used [0x00000000a1600000,0x00000000a1dcc948,0x00000000a3d80000)
 Metaspace       used 31598K, capacity 33838K, committed 34048K, reserved 1079296K
  class space    used 4131K, capacity 4507K, committed 4608K, reserved 1048576K
GC Heap History (10 events):
Event: 14.532 GC heap before
{Heap before GC invocations=6 (full 0):
 PSYoungGen      total 53248K, used 53237K [0x00000000e0780000, 0x00000000e7b80000, 0x0000000100000000)
  eden space 49152K, 100% used [0x00000000e0780000,0x00000000e3780000,0x00000000e3780000)
  from space 4096K, 99% used [0x00000000e3780000,0x00000000e3b7d6d8,0x00000000e3b80000)
  to   space 10240K, 0% used [0x00000000e7180000,0x00000000e7180000,0x00000000e7b80000)
 ParOldGen       total 65536K, used 6964K [0x00000000a1600000, 0x00000000a5600000, 0x00000000e0780000)
  object space 65536K, 10% used [0x00000000a1600000,0x00000000a1ccd2f8,0x00000000a5600000)
 Metaspace       used 19807K, capacity 20822K, committed 20992K, reserved 1067008K
  class space    used 2526K, capacity 2762K, committed 2816K, reserved 1048576K
Event: 14.561 GC heap after
Heap after GC invocations=6 (full 0):
 PSYoungGen      total 107520K, used 5671K [0x00000000e0780000, 0x00000000e7a80000, 0x0000000100000000)
  eden space 98304K, 0% used [0x00000000e0780000,0x00000000e0780000,0x00000000e6780000)
  from space 9216K, 61% used [0x00000000e7180000,0x00000000e7709dc0,0x00000000e7a80000)
  to   space 9728K, 0% used [0x00000000e6780000,0x00000000e6780000,0x00000000e7100000)
 ParOldGen       total 65536K, used 6972K [0x00000000a1600000, 0x00000000a5600000, 0x00000000e0780000)
  object space 65536K, 10% used [0x00000000a1600000,0x00000000a1ccf2f8,0x00000000a5600000)
 Metaspace       used 19807K, capacity 20822K, committed 20992K, reserved 1067008K
  class space    used 2526K, capacity 2762K, committed 2816K, reserved 1048576K
}
Event: 15.264 GC heap before
{Heap before GC invocations=7 (full 0):
 PSYoungGen      total 107520K, used 18009K [0x00000000e0780000, 0x00000000e7a80000, 0x0000000100000000)
  eden space 98304K, 12% used [0x00000000e0780000,0x00000000e138c6f8,0x00000000e6780000)
  from space 9216K, 61% used [0x00000000e7180000,0x00000000e7709dc0,0x00000000e7a80000)
  to   space 9728K, 0% used [0x00000000e6780000,0x00000000e6780000,0x00000000e7100000)
 ParOldGen       total 65536K, used 6972K [0x00000000a1600000, 0x00000000a5600000, 0x00000000e0780000)
  object space 65536K, 10% used [0x00000000a1600000,0x00000000a1ccf2f8,0x00000000a5600000)
 Metaspace       used 20207K, capacity 21216K, committed 21248K, reserved 1067008K
  class space    used 2561K, capacity 2801K, committed 2816K, reserved 1048576K
Event: 15.294 GC heap after
Heap after GC invocations=7 (full 0):
 PSYoungGen      total 108032K, used 4582K [0x00000000e0780000, 0x00000000e7a80000, 0x0000000100000000)
  eden space 98304K, 0% used [0x00000000e0780000,0x00000000e0780000,0x00000000e6780000)
  from space 9728K, 47% used [0x00000000e6780000,0x00000000e6bf9950,0x00000000e7100000)
  to   space 9216K, 0% used [0x00000000e7180000,0x00000000e7180000,0x00000000e7a80000)
 ParOldGen       total 65536K, used 8289K [0x00000000a1600000, 0x00000000a5600000, 0x00000000e0780000)
  object space 65536K, 12% used [0x00000000a1600000,0x00000000a1e18710,0x00000000a5600000)
 Metaspace       used 20207K, capacity 21216K, committed 21248K, reserved 1067008K
  class space    used 2561K, capacity 2801K, committed 2816K, reserved 1048576K
}
Event: 15.295 GC heap before
{Heap before GC invocations=8 (full 1):
 PSYoungGen      total 108032K, used 4582K [0x00000000e0780000, 0x00000000e7a80000, 0x0000000100000000)
  eden space 98304K, 0% used [0x00000000e0780000,0x00000000e0780000,0x00000000e6780000)
  from space 9728K, 47% used [0x00000000e6780000,0x00000000e6bf9950,0x00000000e7100000)
  to   space 9216K, 0% used [0x00000000e7180000,0x00000000e7180000,0x00000000e7a80000)
 ParOldGen       total 65536K, used 8289K [0x00000000a1600000, 0x00000000a5600000, 0x00000000e0780000)
  object space 65536K, 12% used [0x00000000a1600000,0x00000000a1e18710,0x00000000a5600000)
 Metaspace       used 20207K, capacity 21216K, committed 21248K, reserved 1067008K
  class space    used 2561K, capacity 2801K, committed 2816K, reserved 1048576K
Event: 15.451 GC heap after
Heap after GC invocations=8 (full 1):
 PSYoungGen      total 108032K, used 0K [0x00000000e0780000, 0x00000000e7a80000, 0x0000000100000000)
  eden space 98304K, 0% used [0x00000000e0780000,0x00000000e0780000,0x00000000e6780000)
  from space 9728K, 0% used [0x00000000e6780000,0x00000000e6780000,0x00000000e7100000)
  to   space 9216K, 0% used [0x00000000e7180000,0x00000000e7180000,0x00000000e7a80000)
 ParOldGen       total 40448K, used 6255K [0x00000000a1600000, 0x00000000a3d80000, 0x00000000e0780000)
  object space 40448K, 15% used [0x00000000a1600000,0x00000000a1c1bfb8,0x00000000a3d80000)
 Metaspace       used 20207K, capacity 21216K, committed 21248K, reserved 1067008K
  class space    used 2561K, capacity 2801K, committed 2816K, reserved 1048576K
}
Event: 27.628 GC heap before
{Heap before GC invocations=9 (full 1):
 PSYoungGen      total 108032K, used 98304K [0x00000000e0780000, 0x00000000e7a80000, 0x0000000100000000)
  eden space 98304K, 100% used [0x00000000e0780000,0x00000000e6780000,0x00000000e6780000)
  from space 9728K, 0% used [0x00000000e6780000,0x00000000e6780000,0x00000000e7100000)
  to   space 9216K, 0% used [0x00000000e7180000,0x00000000e7180000,0x00000000e7a80000)
 ParOldGen       total 40448K, used 6255K [0x00000000a1600000, 0x00000000a3d80000, 0x00000000e0780000)
  object space 40448K, 15% used [0x00000000a1600000,0x00000000a1c1bfb8,0x00000000a3d80000)
 Metaspace       used 27906K, capacity 30020K, committed 30208K, reserved 1075200K
  class space    used 3666K, capacity 4036K, committed 4096K, reserved 1048576K
Event: 27.665 GC heap after
Heap after GC invocations=9 (full 1):
 PSYoungGen      total 107520K, used 9187K [0x00000000e0780000, 0x00000000e7a80000, 0x0000000100000000)
  eden space 98304K, 0% used [0x00000000e0780000,0x00000000e0780000,0x00000000e6780000)
  from space 9216K, 99% used [0x00000000e7180000,0x00000000e7a78c78,0x00000000e7a80000)
  to   space 9728K, 0% used [0x00000000e6780000,0x00000000e6780000,0x00000000e7100000)
 ParOldGen       total 40448K, used 7986K [0x00000000a1600000, 0x00000000a3d80000, 0x00000000e0780000)
  object space 40448K, 19% used [0x00000000a1600000,0x00000000a1dcc948,0x00000000a3d80000)
 Metaspace       used 27906K, capacity 30020K, committed 30208K, reserved 1075200K
  class space    used 3666K, capacity 4036K, committed 4096K, reserved 1048576K
}
Event: 29.577 GC heap before
{Heap before GC invocations=10 (full 1):
 PSYoungGen      total 107520K, used 107491K [0x00000000e0780000, 0x00000000e7a80000, 0x0000000100000000)
  eden space 98304K, 100% used [0x00000000e0780000,0x00000000e6780000,0x00000000e6780000)
  from space 9216K, 99% used [0x00000000e7180000,0x00000000e7a78c78,0x00000000e7a80000)
  to   space 9728K, 0% used [0x00000000e6780000,0x00000000e6780000,0x00000000e7100000)
 ParOldGen       total 40448K, used 7986K [0x00000000a1600000, 0x00000000a3d80000, 0x00000000e0780000)
  object space 40448K, 19% used [0x00000000a1600000,0x00000000a1dcc948,0x00000000a3d80000)
 Metaspace       used 29699K, capacity 31874K, committed 32000K, reserved 1077248K
  class space    used 3889K, capacity 4267K, committed 4352K, reserved 1048576K
Event: 29.615 GC heap after
Heap after GC invocations=10 (full 1):
 PSYoungGen      total 108032K, used 6941K [0x00000000e0780000, 0x00000000ea880000, 0x0000000100000000)
  eden space 98304K, 0% used [0x00000000e0780000,0x00000000e0780000,0x00000000e6780000)
  from space 9728K, 71% used [0x00000000e6780000,0x00000000e6e47688,0x00000000e7100000)
  to   space 11264K, 0% used [0x00000000e9d80000,0x00000000e9d80000,0x00000000ea880000)
 ParOldGen       total 40448K, used 7986K [0x00000000a1600000, 0x00000000a3d80000, 0x00000000e0780000)
  object space 40448K, 19% used [0x00000000a1600000,0x00000000a1dcc948,0x00000000a3d80000)
 Metaspace       used 29699K, capacity 31874K, committed 32000K, reserved 1077248K
  class space    used 3889K, capacity 4267K, committed 4352K, reserved 1048576K
}

