# JRE version: Java(TM) SE Runtime Environment (8.0_291-b10) (build 1.8.0_291-b10)
# Java VM: Java HotSpot(TM) 64-Bit Server VM (25.291-b10 mixed mode windows-amd64 compressed oops)
Heap:
 PSYoungGen      total 142848K, used 63406K [0x00000000e0780000, 0x00000000ea080000, 0x0000000100000000)
  eden space 135168K, 46% used [0x00000000e0780000,0x00000000e456baa0,0x00000000e8b80000)
  from space 7680K, 0% used [0x00000000e9900000,0x00000000e9900000,0x00000000ea080000)
  to   space 10752K, 0% used [0x00000000e8b80000,0x00000000e8b80000,0x00000000e9600000)
 ParOldGen       total 41984K, used 13745K [0x00000000a1600000, 0x00000000a3f00000, 0x00000000e0780000)
  object space 41984K, 32% used [0x00000000a1600000,0x00000000a236c550,0x00000000a3f00000)
 Metaspace       used 42331K, capacity 44724K, committed 45056K, reserved 1087488K
  class space    used 5731K, capacity 6140K, committed 6144K, reserved 1048576K
GC Heap History (10 events):
Event: 8.289 GC heap before
{Heap before GC invocations=8 (full 1):
 PSYoungGen      total 108032K, used 4566K [0x00000000e0780000, 0x00000000e7a80000, 0x0000000100000000)
  eden space 98304K, 0% used [0x00000000e0780000,0x00000000e0780000,0x00000000e6780000)
  from space 9728K, 46% used [0x00000000e6780000,0x00000000e6bf5868,0x00000000e7100000)
  to   space 9216K, 0% used [0x00000000e7180000,0x00000000e7180000,0x00000000e7a80000)
 ParOldGen       total 65536K, used 8384K [0x00000000a1600000, 0x00000000a5600000, 0x00000000e0780000)
  object space 65536K, 12% used [0x00000000a1600000,0x00000000a1e30378,0x00000000a5600000)
 Metaspace       used 20230K, capacity 21192K, committed 21248K, reserved 1067008K
  class space    used 2558K, capacity 2769K, committed 2816K, reserved 1048576K
Event: 8.421 GC heap after
Heap after GC invocations=8 (full 1):
 PSYoungGen      total 108032K, used 0K [0x00000000e0780000, 0x00000000e7a80000, 0x0000000100000000)
  eden space 98304K, 0% used [0x00000000e0780000,0x00000000e0780000,0x00000000e6780000)
  from space 9728K, 0% used [0x00000000e6780000,0x00000000e6780000,0x00000000e7100000)
  to   space 9216K, 0% used [0x00000000e7180000,0x00000000e7180000,0x00000000e7a80000)
 ParOldGen       total 41984K, used 6269K [0x00000000a1600000, 0x00000000a3f00000, 0x00000000e0780000)
  object space 41984K, 14% used [0x00000000a1600000,0x00000000a1c1f778,0x00000000a3f00000)
 Metaspace       used 20230K, capacity 21192K, committed 21248K, reserved 1067008K
  class space    used 2558K, capacity 2769K, committed 2816K, reserved 1048576K
}
Event: 15.862 GC heap before
{Heap before GC invocations=9 (full 1):
 PSYoungGen      total 108032K, used 98304K [0x00000000e0780000, 0x00000000e7a80000, 0x0000000100000000)
  eden space 98304K, 100% used [0x00000000e0780000,0x00000000e6780000,0x00000000e6780000)
  from space 9728K, 0% used [0x00000000e6780000,0x00000000e6780000,0x00000000e7100000)
  to   space 9216K, 0% used [0x00000000e7180000,0x00000000e7180000,0x00000000e7a80000)
 ParOldGen       total 41984K, used 6269K [0x00000000a1600000, 0x00000000a3f00000, 0x00000000e0780000)
  object space 41984K, 14% used [0x00000000a1600000,0x00000000a1c1f778,0x00000000a3f00000)
 Metaspace       used 28208K, capacity 30284K, committed 30464K, reserved 1075200K
  class space    used 3690K, capacity 4038K, committed 4096K, reserved 1048576K
Event: 15.898 GC heap after
Heap after GC invocations=9 (full 1):
 PSYoungGen      total 107520K, used 9195K [0x00000000e0780000, 0x00000000e7a80000, 0x0000000100000000)
  eden space 98304K, 0% used [0x00000000e0780000,0x00000000e0780000,0x00000000e6780000)
  from space 9216K, 99% used [0x00000000e7180000,0x00000000e7a7afd0,0x00000000e7a80000)
  to   space 9728K, 0% used [0x00000000e6780000,0x00000000e6780000,0x00000000e7100000)
 ParOldGen       total 41984K, used 8260K [0x00000000a1600000, 0x00000000a3f00000, 0x00000000e0780000)
  object space 41984K, 19% used [0x00000000a1600000,0x00000000a1e112e8,0x00000000a3f00000)
 Metaspace       used 28208K, capacity 30284K, committed 30464K, reserved 1075200K
  class space    used 3690K, capacity 4038K, committed 4096K, reserved 1048576K
}
Event: 17.083 GC heap before
{Heap before GC invocations=10 (full 1):
 PSYoungGen      total 107520K, used 107499K [0x00000000e0780000, 0x00000000e7a80000, 0x0000000100000000)
  eden space 98304K, 100% used [0x00000000e0780000,0x00000000e6780000,0x00000000e6780000)
  from space 9216K, 99% used [0x00000000e7180000,0x00000000e7a7afd0,0x00000000e7a80000)
  to   space 9728K, 0% used [0x00000000e6780000,0x00000000e6780000,0x00000000e7100000)
 ParOldGen       total 41984K, used 8260K [0x00000000a1600000, 0x00000000a3f00000, 0x00000000e0780000)
  object space 41984K, 19% used [0x00000000a1600000,0x00000000a1e112e8,0x00000000a3f00000)
 Metaspace       used 29713K, capacity 31834K, committed 32000K, reserved 1077248K
  class space    used 3882K, capacity 4235K, committed 4352K, reserved 1048576K
Event: 17.108 GC heap after
Heap after GC invocations=10 (full 1):
 PSYoungGen      total 108032K, used 6723K [0x00000000e0780000, 0x00000000ea400000, 0x0000000100000000)
  eden space 98304K, 0% used [0x00000000e0780000,0x00000000e0780000,0x00000000e6780000)
  from space 9728K, 69% used [0x00000000e6780000,0x00000000e6e10c10,0x00000000e7100000)
  to   space 11264K, 0% used [0x00000000e9900000,0x00000000e9900000,0x00000000ea400000)
 ParOldGen       total 41984K, used 8268K [0x00000000a1600000, 0x00000000a3f00000, 0x00000000e0780000)
  object space 41984K, 19% used [0x00000000a1600000,0x00000000a1e132e8,0x00000000a3f00000)
 Metaspace       used 29713K, capacity 31834K, committed 32000K, reserved 1077248K
  class space    used 3882K, capacity 4235K, committed 4352K, reserved 1048576K
}
Event: 19.903 GC heap before
{Heap before GC invocations=11 (full 1):
 PSYoungGen      total 108032K, used 30873K [0x00000000e0780000, 0x00000000ea400000, 0x0000000100000000)
  eden space 98304K, 24% used [0x00000000e0780000,0x00000000e1f15860,0x00000000e6780000)
  from space 9728K, 69% used [0x00000000e6780000,0x00000000e6e10c10,0x00000000e7100000)
  to   space 11264K, 0% used [0x00000000e9900000,0x00000000e9900000,0x00000000ea400000)
 ParOldGen       total 41984K, used 8268K [0x00000000a1600000, 0x00000000a3f00000, 0x00000000e0780000)
  object space 41984K, 19% used [0x00000000a1600000,0x00000000a1e132e8,0x00000000a3f00000)
 Metaspace       used 33143K, capacity 35318K, committed 35416K, reserved 1079296K
  class space    used 4418K, capacity 4767K, committed 4864K, reserved 1048576K
Event: 19.933 GC heap after
Heap after GC invocations=11 (full 1):
 PSYoungGen      total 142848K, used 4414K [0x00000000e0780000, 0x00000000ea080000, 0x0000000100000000)
  eden space 135168K, 0% used [0x00000000e0780000,0x00000000e0780000,0x00000000e8b80000)
  from space 7680K, 57% used [0x00000000e9900000,0x00000000e9d4f920,0x00000000ea080000)
  to   space 10752K, 0% used [0x00000000e8b80000,0x00000000e8b80000,0x00000000e9600000)
 ParOldGen       total 41984K, used 12884K [0x00000000a1600000, 0x00000000a3f00000, 0x00000000e0780000)
  object space 41984K, 30% used [0x00000000a1600000,0x00000000a2295358,0x00000000a3f00000)
 Metaspace       used 33143K, capacity 35318K, committed 35416K, reserved 1079296K
  class space    used 4418K, capacity 4767K, committed 4864K, reserved 1048576K
}
Event: 19.933 GC heap before
{Heap before GC invocations=12 (full 2):
 PSYoungGen      total 142848K, used 4414K [0x00000000e0780000, 0x00000000ea080000, 0x0000000100000000)
  eden space 135168K, 0% used [0x00000000e0780000,0x00000000e0780000,0x00000000e8b80000)
  from space 7680K, 57% used [0x00000000e9900000,0x00000000e9d4f920,0x00000000ea080000)
  to   space 10752K, 0% used [0x00000000e8b80000,0x00000000e8b80000,0x00000000e9600000)
 ParOldGen       total 41984K, used 12884K [0x00000000a1600000, 0x00000000a3f00000, 0x00000000e0780000)
  object space 41984K, 30% used [0x00000000a1600000,0x00000000a2295358,0x00000000a3f00000)
 Metaspace       used 33143K, capacity 35318K, committed 35416K, reserved 1079296K
  class space    used 4418K, capacity 4767K, committed 4864K, reserved 1048576K
Event: 20.100 GC heap after
Heap after GC invocations=12 (full 2):
 PSYoungGen      total 142848K, used 0K [0x00000000e0780000, 0x00000000ea080000, 0x0000000100000000)
  eden space 135168K, 0% used [0x00000000e0780000,0x00000000e0780000,0x00000000e8b80000)
  from space 7680K, 0% used [0x00000000e9900000,0x00000000e9900000,0x00000000ea080000)
  to   space 10752K, 0% used [0x00000000e8b80000,0x00000000e8b80000,0x00000000e9600000)
 ParOldGen       total 41984K, used 13745K [0x00000000a1600000, 0x00000000a3f00000, 0x00000000e0780000)
  object space 41984K, 32% used [0x00000000a1600000,0x00000000a236c550,0x00000000a3f00000)
 Metaspace       used 33143K, capacity 35318K, committed 35416K, reserved 1079296K
  class space    used 4418K, capacity 4767K, committed 4864K, reserved 1048576K
}

